2026-03-23 06:47:35,344 INFO AlgoBot initialized — MODE: PAPER
2026-03-23 06:47:35,344 INFO Capital: ₹500,000 | MaxRisk: 1%/trade | DailyStop: 3%
2026-03-23 06:47:35,344 INFO ───────────────────────────────────────────────────────
2026-03-23 06:47:35,344 INFO Tick [NIFTY] @ 12:17 IST
2026-03-23 06:47:35,454 INFO Fusion [NIFTY]: rule=NO_TRADE(0.65) ml=NO_TRADE(0.00) agree=none → NO_TRADE(0.39)
2026-03-23 06:47:35,454 INFO Decision: NO_TRADE (conf=0.39 agree=none)
2026-03-23 06:47:35,455 INFO ───────────────────────────────────────────────────────
2026-03-23 06:47:35,455 INFO Tick [BANKNIFTY] @ 12:17 IST
2026-03-23 06:47:35,611 INFO Fusion [BANKNIFTY]: rule=NO_TRADE(0.00) ml=NO_TRADE(0.00) agree=none → NO_TRADE(0.00)
2026-03-23 06:47:35,612 INFO Decision: NO_TRADE (conf=0.00 agree=none)
2026-03-23 06:47:37,855 INFO Risk: new trading day — daily stats reset
2026-03-23 06:47:37,855 INFO AlgoBot initialized — MODE: PAPER
2026-03-23 06:47:37,855 INFO Capital: ₹500,000 | MaxRisk: 1%/trade | DailyStop: 3%
2026-03-23 06:47:37,855 INFO ───────────────────────────────────────────────────────
2026-03-23 06:47:37,855 INFO Tick [NIFTY] @ 12:17 IST
2026-03-23 06:47:37,966 INFO Fusion [NIFTY]: rule=NO_TRADE(0.65) ml=NO_TRADE(0.00) agree=none → NO_TRADE(0.39)
2026-03-23 06:47:37,966 INFO Decision: NO_TRADE (conf=0.39 agree=none)
2026-03-23 06:47:37,967 INFO ───────────────────────────────────────────────────────
2026-03-23 06:47:37,967 INFO Tick [BANKNIFTY] @ 12:17 IST
2026-03-23 06:47:38,122 INFO Fusion [BANKNIFTY]: rule=NO_TRADE(0.00) ml=NO_TRADE(0.00) agree=none → NO_TRADE(0.00)
2026-03-23 06:47:38,122 INFO Decision: NO_TRADE (conf=0.00 agree=none)
