2026-03-24 03:32:51,984 INFO Risk: new trading day — daily stats reset
2026-03-24 03:32:51,984 INFO AlgoBot initialized — MODE: PAPER
2026-03-24 03:32:51,984 INFO Capital: ₹500,000 | MaxRisk: 1%/trade | DailyStop: 3%
2026-03-24 03:32:51,984 INFO ───────────────────────────────────────────────────────
2026-03-24 03:32:51,984 INFO Tick [NIFTY] @ 09:02 IST
2026-03-24 03:32:51,984 WARNING Kill switch ACTIVE: Outside market hours
2026-03-24 03:32:51,985 INFO ───────────────────────────────────────────────────────
2026-03-24 03:32:51,985 INFO Tick [BANKNIFTY] @ 09:02 IST
2026-03-24 03:32:51,985 WARNING Kill switch ACTIVE: Outside market hours
2026-03-24 03:32:54,064 INFO AlgoBot initialized — MODE: PAPER
2026-03-24 03:32:54,064 INFO Capital: ₹500,000 | MaxRisk: 1%/trade | DailyStop: 3%
2026-03-24 03:32:54,064 INFO ───────────────────────────────────────────────────────
2026-03-24 03:32:54,064 INFO Tick [NIFTY] @ 09:02 IST
2026-03-24 03:32:54,064 WARNING Kill switch ACTIVE: Outside market hours
2026-03-24 03:32:54,065 INFO ───────────────────────────────────────────────────────
2026-03-24 03:32:54,065 INFO Tick [BANKNIFTY] @ 09:02 IST
2026-03-24 03:32:54,065 WARNING Kill switch ACTIVE: Outside market hours
2026-03-24 03:37:46,416 INFO AlgoBot initialized — MODE: PAPER
2026-03-24 03:37:46,416 INFO Capital: ₹500,000 | MaxRisk: 1%/trade | DailyStop: 3%
2026-03-24 03:37:46,416 INFO ───────────────────────────────────────────────────────
2026-03-24 03:37:46,416 INFO Tick [NIFTY] @ 09:07 IST
2026-03-24 03:37:46,417 WARNING Kill switch ACTIVE: Outside market hours
2026-03-24 03:37:46,418 INFO ───────────────────────────────────────────────────────
2026-03-24 03:37:46,418 INFO Tick [BANKNIFTY] @ 09:07 IST
2026-03-24 03:37:46,418 WARNING Kill switch ACTIVE: Outside market hours
2026-03-24 03:37:48,601 INFO AlgoBot initialized — MODE: PAPER
2026-03-24 03:37:48,601 INFO Capital: ₹500,000 | MaxRisk: 1%/trade | DailyStop: 3%
2026-03-24 03:37:48,601 INFO ───────────────────────────────────────────────────────
2026-03-24 03:37:48,601 INFO Tick [NIFTY] @ 09:07 IST
2026-03-24 03:37:48,601 WARNING Kill switch ACTIVE: Outside market hours
2026-03-24 03:37:48,602 INFO ───────────────────────────────────────────────────────
2026-03-24 03:37:48,602 INFO Tick [BANKNIFTY] @ 09:07 IST
2026-03-24 03:37:48,602 WARNING Kill switch ACTIVE: Outside market hours
2026-03-24 03:42:44,532 INFO AlgoBot initialized — MODE: PAPER
2026-03-24 03:42:44,532 INFO Capital: ₹500,000 | MaxRisk: 1%/trade | DailyStop: 3%
2026-03-24 03:42:44,532 INFO ───────────────────────────────────────────────────────
2026-03-24 03:42:44,532 INFO Tick [NIFTY] @ 09:12 IST
2026-03-24 03:42:44,533 WARNING Kill switch ACTIVE: Outside market hours
2026-03-24 03:42:44,534 INFO ───────────────────────────────────────────────────────
2026-03-24 03:42:44,535 INFO Tick [BANKNIFTY] @ 09:12 IST
2026-03-24 03:42:44,535 WARNING Kill switch ACTIVE: Outside market hours
2026-03-24 03:42:46,782 INFO AlgoBot initialized — MODE: PAPER
2026-03-24 03:42:46,782 INFO Capital: ₹500,000 | MaxRisk: 1%/trade | DailyStop: 3%
2026-03-24 03:42:46,782 INFO ───────────────────────────────────────────────────────
2026-03-24 03:42:46,782 INFO Tick [NIFTY] @ 09:12 IST
2026-03-24 03:42:46,782 WARNING Kill switch ACTIVE: Outside market hours
2026-03-24 03:42:46,783 INFO ───────────────────────────────────────────────────────
2026-03-24 03:42:46,783 INFO Tick [BANKNIFTY] @ 09:12 IST
2026-03-24 03:42:46,783 WARNING Kill switch ACTIVE: Outside market hours
2026-03-24 03:47:53,618 INFO AlgoBot initialized — MODE: PAPER
2026-03-24 03:47:53,619 INFO Capital: ₹500,000 | MaxRisk: 1%/trade | DailyStop: 3%
2026-03-24 03:47:53,619 INFO ───────────────────────────────────────────────────────
2026-03-24 03:47:53,619 INFO Tick [NIFTY] @ 09:17 IST
2026-03-24 03:47:53,731 INFO Fusion [NIFTY]: rule=NO_TRADE(0.64) ml=NO_TRADE(0.00) agree=none → NO_TRADE(0.38)
2026-03-24 03:47:53,732 INFO Decision: NO_TRADE (conf=0.38 agree=none)
2026-03-24 03:47:53,733 INFO ───────────────────────────────────────────────────────
2026-03-24 03:47:53,733 INFO Tick [BANKNIFTY] @ 09:17 IST
2026-03-24 03:47:53,894 INFO Fusion [BANKNIFTY]: rule=NO_TRADE(0.64) ml=NO_TRADE(0.00) agree=none → NO_TRADE(0.38)
2026-03-24 03:47:53,894 INFO Decision: NO_TRADE (conf=0.38 agree=none)
2026-03-24 03:47:56,114 INFO AlgoBot initialized — MODE: PAPER
2026-03-24 03:47:56,115 INFO Capital: ₹500,000 | MaxRisk: 1%/trade | DailyStop: 3%
2026-03-24 03:47:56,115 INFO ───────────────────────────────────────────────────────
2026-03-24 03:47:56,115 INFO Tick [NIFTY] @ 09:17 IST
2026-03-24 03:47:56,225 INFO Fusion [NIFTY]: rule=NO_TRADE(0.64) ml=NO_TRADE(0.00) agree=none → NO_TRADE(0.38)
2026-03-24 03:47:56,225 INFO Decision: NO_TRADE (conf=0.38 agree=none)
2026-03-24 03:47:56,226 INFO ───────────────────────────────────────────────────────
2026-03-24 03:47:56,226 INFO Tick [BANKNIFTY] @ 09:17 IST
2026-03-24 03:47:56,380 INFO Fusion [BANKNIFTY]: rule=NO_TRADE(0.64) ml=NO_TRADE(0.00) agree=none → NO_TRADE(0.38)
2026-03-24 03:47:56,380 INFO Decision: NO_TRADE (conf=0.38 agree=none)
